TN:
SF:src\filter.js
FN:1,(anonymous_0)
FN:2,(anonymous_1)
FN:8,(anonymous_2)
FN:9,(anonymous_3)
FN:16,(anonymous_4)
FN:17,(anonymous_5)
FNF:6
FNH:6
FNDA:2,(anonymous_0)
FNDA:10,(anonymous_1)
FNDA:2,(anonymous_2)
FNDA:14,(anonymous_3)
FNDA:2,(anonymous_4)
FNDA:14,(anonymous_5)
DA:1,1
DA:2,2
DA:3,10
DA:8,1
DA:9,2
DA:10,14
DA:16,1
DA:17,2
DA:18,14
LF:9
LH:9
BRF:0
BRH:0
end_of_record
TN:
SF:src\find.js
FN:1,(anonymous_0)
FN:2,(anonymous_1)
FN:8,(anonymous_2)
FN:9,(anonymous_3)
FN:15,(anonymous_4)
FN:16,(anonymous_5)
FNF:6
FNH:6
FNDA:2,(anonymous_0)
FNDA:5,(anonymous_1)
FNDA:2,(anonymous_2)
FNDA:6,(anonymous_3)
FNDA:2,(anonymous_4)
FNDA:6,(anonymous_5)
DA:1,1
DA:2,2
DA:3,5
DA:8,1
DA:9,2
DA:10,6
DA:15,1
DA:16,2
DA:17,6
LF:9
LH:9
BRF:0
BRH:0
end_of_record
TN:
SF:src\map.js
FN:1,(anonymous_0)
FN:2,(anonymous_1)
FN:8,(anonymous_2)
FN:9,(anonymous_3)
FN:16,(anonymous_4)
FN:17,(anonymous_5)
FNF:6
FNH:6
FNDA:1,(anonymous_0)
FNDA:5,(anonymous_1)
FNDA:2,(anonymous_2)
FNDA:6,(anonymous_3)
FNDA:1,(anonymous_4)
FNDA:3,(anonymous_5)
DA:1,1
DA:2,1
DA:3,5
DA:8,1
DA:9,2
DA:10,6
DA:16,1
DA:17,1
DA:18,3
LF:9
LH:9
BRF:0
BRH:0
end_of_record
